{"level":"info","message":"CREATE [ collection_name : Animals ] ","timestamp":"2014-12-09T00:10:24.206Z"}
{"level":"info","message":"CREATE [ collection_name : Animals ] ","timestamp":"2014-12-09T00:12:11.837Z"}
{"level":"info","message":"CREATE [ collection_name : Animals ] ","timestamp":"2014-12-09T00:12:50.263Z"}
{"level":"info","message":"PUT [ key : Cat, collection_size: 38 ] ","timestamp":"2014-12-09T00:12:50.273Z"}
{"level":"info","message":"PUT [ key : Dog, collection_size: 96 ] ","timestamp":"2014-12-09T00:12:50.285Z"}
{"level":"info","message":"PUT [ key : Monkey, collection_size: 182 ] ","timestamp":"2014-12-09T00:12:50.291Z"}
{"level":"info","message":"FIND [ key : sound, collection_size: 210, time_taken: NaNs] ","timestamp":"2014-12-09T00:12:50.301Z"}
{"level":"info","message":"CREATE [ collection_name : Animals ] ","timestamp":"2014-12-09T00:14:17.696Z"}
{"level":"info","message":"PUT [ key : Cat, collection_size: 38 ] ","timestamp":"2014-12-09T00:14:17.718Z"}
{"level":"info","message":"PUT [ key : Dog, collection_size: 96 ] ","timestamp":"2014-12-09T00:14:17.724Z"}
{"level":"info","message":"PUT [ key : Monkey, collection_size: 182 ] ","timestamp":"2014-12-09T00:14:17.729Z"}
{"level":"info","message":"FIND [ key : sound, collection_size: 210, time_taken: NaNs] ","timestamp":"2014-12-09T00:14:17.740Z"}
{"level":"info","message":"CREATE [ collection_name : Animals ] ","timestamp":"2014-12-09T00:23:47.249Z"}
{"level":"info","message":"PUT [ key : Cat, collection_size: 38 ] ","timestamp":"2014-12-09T00:23:47.503Z"}
{"level":"info","message":"PUT [ key : Dog, collection_size: 96 ] ","timestamp":"2014-12-09T00:23:47.522Z"}
{"level":"info","message":"PUT [ key : Monkey, collection_size: 182 ] ","timestamp":"2014-12-09T00:23:47.533Z"}
{"level":"info","message":"FIND [ key : sound, collection_size: 210, time_taken: NaNs] ","timestamp":"2014-12-09T00:23:47.545Z"}
{"level":"info","message":"GET [ key : Cat ]","timestamp":"2014-12-09T00:23:47.550Z"}
{"level":"info","message":"PUT [ key : Cat, collection_size: 182 ] ","timestamp":"2014-12-09T02:00:05.168Z"}
{"level":"info","message":"PUT [ key : Dog, collection_size: 182 ] ","timestamp":"2014-12-09T02:00:05.208Z"}
{"level":"info","message":"PUT [ key : Monkey, collection_size: 182 ] ","timestamp":"2014-12-09T02:00:05.223Z"}
{"level":"info","message":"FIND [ key : sound, collection_size: 210, time_taken: NaNs] ","timestamp":"2014-12-09T02:00:05.228Z"}
{"level":"info","message":"GET [ key : Cat ]","timestamp":"2014-12-09T02:00:05.235Z"}
{"level":"info","message":"CREATE [ collection_name : Animals ] ","timestamp":"2014-12-09T03:03:01.933Z"}
{"level":"info","message":"PUT [ key : Cat, collection_size: 38 ] ","timestamp":"2014-12-09T03:03:01.986Z"}
{"level":"info","message":"PUT [ key : Dog, collection_size: 96 ] ","timestamp":"2014-12-09T03:03:01.991Z"}
{"level":"info","message":"PUT [ key : Monkey, collection_size: 182 ] ","timestamp":"2014-12-09T03:03:02.007Z"}
{"level":"info","message":"FIND [ key : sound, collection_size: 210, time_taken: NaNs] ","timestamp":"2014-12-09T03:03:02.019Z"}
{"level":"info","message":"GET [ key : Cat ]","timestamp":"2014-12-09T03:03:02.030Z"}
